<?xml version="1.0" encoding="UTF-8"?>
<!-- Generated by org.testng.reporters.JUnitReportReporter -->
<testsuite hostname="DESKTOP-UB42IN2" failures="0" tests="1" name="SimplyFI_Scripts.FifthScript" time="10.722" errors="0" timestamp="2023-06-15T13:20:20 IST" skipped="0">
  <testcase classname="SimplyFI_Scripts.FifthScript" name="fifthscript" time="10.722"/>
  <system-out/>
</testsuite> <!-- SimplyFI_Scripts.FifthScript -->
