<?xml version="1.0" encoding="UTF-8"?>
<!-- Generated by org.testng.reporters.JUnitReportReporter -->
<testsuite hostname="DESKTOP-UB42IN2" failures="0" tests="1" name="SimplyFI_Scripts.SecondScript" time="9.136" errors="0" timestamp="2023-06-15T14:18:00 IST" skipped="0">
  <testcase classname="SimplyFI_Scripts.SecondScript" name="secondscript" time="9.136"/>
  <system-out/>
</testsuite> <!-- SimplyFI_Scripts.SecondScript -->
