<?xml version="1.0" encoding="UTF-8"?>
<!-- Generated by org.testng.reporters.JUnitReportReporter -->
<testsuite hostname="DESKTOP-UB42IN2" failures="0" tests="1" name="SimplyFI_Scripts.ForthScripts" time="9.322" errors="0" timestamp="2023-06-15T11:51:29 IST" skipped="0">
  <testcase classname="SimplyFI_Scripts.ForthScripts" name="forthscript" time="9.322"/>
  <system-out/>
</testsuite> <!-- SimplyFI_Scripts.ForthScripts -->
