<?xml version="1.0" encoding="UTF-8"?>
<!-- Generated by org.testng.reporters.JUnitReportReporter -->
<testsuite hostname="DESKTOP-UB42IN2" failures="0" tests="1" name="SimplyFI_Scripts.ThridScript" time="8.875" errors="0" timestamp="2023-06-15T11:38:10 IST" skipped="0">
  <testcase classname="SimplyFI_Scripts.ThridScript" name="thridscipt" time="8.875"/>
  <system-out/>
</testsuite> <!-- SimplyFI_Scripts.ThridScript -->
