<?xml version="1.0" encoding="UTF-8"?>
<!-- Generated by org.testng.reporters.JUnitReportReporter -->
<testsuite hostname="DESKTOP-UB42IN2" failures="0" tests="1" name="SimplyFI_Scripts.SexithScript_for_Company" time="12.988" errors="0" timestamp="2023-06-15T12:31:52 IST" skipped="0">
  <testcase classname="SimplyFI_Scripts.SexithScript_for_Company" name="sexithscript" time="12.988"/>
  <system-out/>
</testsuite> <!-- SimplyFI_Scripts.SexithScript_for_Company -->
