<?xml version="1.0" encoding="UTF-8"?>
<!-- Generated by org.testng.reporters.JUnitReportReporter -->
<testsuite hostname="DESKTOP-UB42IN2" failures="0" tests="1" name="SimplyFI_Scripts.SexithScriptfor_Resources" time="77.841" errors="0" timestamp="2023-06-15T14:04:49 IST" skipped="0">
  <testcase classname="SimplyFI_Scripts.SexithScriptfor_Resources" name="sexithscript" time="77.841"/>
  <system-out/>
</testsuite> <!-- SimplyFI_Scripts.SexithScriptfor_Resources -->
