<?xml version="1.0" encoding="UTF-8"?>
<!-- Generated by org.testng.reporters.JUnitReportReporter -->
<testsuite hostname="DESKTOP-UB42IN2" failures="0" tests="1" name="SimplyFI_Scripts.FristScript" time="9.913" errors="0" timestamp="2023-06-15T14:17:27 IST" skipped="0">
  <testcase classname="SimplyFI_Scripts.FristScript" name="fristscript" time="9.913"/>
  <system-out/>
</testsuite> <!-- SimplyFI_Scripts.FristScript -->
